<?xml version="1.0" encoding="UTF-8"?>
<!-- Generated by org.testng.reporters.JUnitXMLReporter -->
<testsuite hostname="ATMECSINDT-076" name="DigitalLifePage" tests="6" failures="1" timestamp="8 Aug 2019 13:54:49 GMT" time="181.12" errors="0">
  <testcase name="testDigitalLifePageClick" time="63.235" classname="com.atmecs.qa.testscripts.TestDigitalLifePage">
    <failure type="org.openqa.selenium.TimeoutException" message="timeout
  (Session info: chrome=75.0.3770.142)
Build info: version: &amp;apos;3.141.59&amp;apos;, revision: &amp;apos;e82be7d358&amp;apos;, time: &amp;apos;2018-11-14T08:17:03&amp;apos;
System info: host: &amp;apos;ATMECSINDT-076&amp;apos;, ip: &amp;apos;192.168.56.1&amp;apos;, os.name: &amp;apos;Windows 10&amp;apos;, os.arch: &amp;apos;amd64&amp;apos;, os.version: &amp;apos;10.0&amp;apos;, java.version: &amp;apos;1.8.0_211&amp;apos;
Driver info: org.openqa.selenium.chrome.ChromeDriver
Capabilities {acceptInsecureCerts: false, browserName: chrome, browserVersion: 75.0.3770.142, chrome: {chromedriverVersion: 75.0.3770.140 (2d9f97485c7b..., userDataDir: C:\Users\ANNE~1.SIV\AppData...}, goog:chromeOptions: {debuggerAddress: localhost:63820}, javascriptEnabled: true, networkConnectionEnabled: false, pageLoadStrategy: normal, platform: XP, platformName: XP, proxy: Proxy(), setWindowRect: true, strictFileInteractability: false, timeouts: {implicit: 0, pageLoad: 300000, script: 30000}, unhandledPromptBehavior: dismiss and notify}
Session ID: 64744dafe5492688392a794d13b57174">
      <![CDATA[org.openqa.selenium.TimeoutException: timeout
  (Session info: chrome=75.0.3770.142)
Build info: version: '3.141.59', revision: 'e82be7d358', time: '2018-11-14T08:17:03'
System info: host: 'ATMECSINDT-076', ip: '192.168.56.1', os.name: 'Windows 10', os.arch: 'amd64', os.version: '10.0', java.version: '1.8.0_211'
Driver info: org.openqa.selenium.chrome.ChromeDriver
Capabilities {acceptInsecureCerts: false, browserName: chrome, browserVersion: 75.0.3770.142, chrome: {chromedriverVersion: 75.0.3770.140 (2d9f97485c7b..., userDataDir: C:\Users\ANNE~1.SIV\AppData...}, goog:chromeOptions: {debuggerAddress: localhost:63820}, javascriptEnabled: true, networkConnectionEnabled: false, pageLoadStrategy: normal, platform: XP, platformName: XP, proxy: Proxy(), setWindowRect: true, strictFileInteractability: false, timeouts: {implicit: 0, pageLoad: 300000, script: 30000}, unhandledPromptBehavior: dismiss and notify}
Session ID: 64744dafe5492688392a794d13b57174
	at org.openqa.selenium.remote.http.W3CHttpResponseCodec.createException(W3CHttpResponseCodec.java:187)
	at org.openqa.selenium.remote.http.W3CHttpResponseCodec.decode(W3CHttpResponseCodec.java:122)
	at org.openqa.selenium.remote.http.W3CHttpResponseCodec.decode(W3CHttpResponseCodec.java:49)
	at org.openqa.selenium.remote.HttpCommandExecutor.execute(HttpCommandExecutor.java:158)
	at org.openqa.selenium.remote.service.DriverCommandExecutor.execute(DriverCommandExecutor.java:83)
	at org.openqa.selenium.remote.RemoteWebDriver.execute(RemoteWebDriver.java:552)
	at org.openqa.selenium.remote.RemoteWebElement.execute(RemoteWebElement.java:285)
	at org.openqa.selenium.remote.RemoteWebElement.click(RemoteWebElement.java:84)
	at com.atmecs.qa.utils.CommonUtilityMethods.click(CommonUtilityMethods.java:89)
	at com.atmecs.qa.pages.ServicePage.clickOnServiceText(ServicePage.java:83)
	at com.atmecs.qa.pages.DigitalLifePage.digitalLifeMenu(DigitalLifePage.java:64)
	at com.atmecs.qa.testscripts.TestDigitalLifePage.testDigitalLifePageClick(TestDigitalLifePage.java:32)
... Removed 28 stack frames]]>
    </failure>
  </testcase> <!-- testDigitalLifePageClick -->
  <testcase name="testArtificialIntelligencePageClick" time="20.822" classname="com.atmecs.qa.testscripts.TestDigitalLifePage"/>
  <testcase name="testVirtualRealityPageClick" time="22.735" classname="com.atmecs.qa.testscripts.TestDigitalLifePage"/>
  <testcase name="testBlockchainPageClick" time="17.08" classname="com.atmecs.qa.testscripts.TestDigitalLifePage"/>
  <testcase name="testRoboticPageClick" time="13.873" classname="com.atmecs.qa.testscripts.TestDigitalLifePage"/>
  <testcase name="testInternetOfThingsPageClick" time="20.084" classname="com.atmecs.qa.testscripts.TestDigitalLifePage"/>
</testsuite> <!-- DigitalLifePage -->
